android/app/build/intermediates/manifest_merge_blame_file/release/processReleaseMainManifest/manifest-merger-blame-release-report.txt
1<?xml version="1.0" encoding="utf-8"?>
2<manifest xmlns:android="http://schemas.android.com/apk/res/android"
3    package="com.idr.mobile"
4    android:versionCode="2"
5    android:versionName="2.0-mvp" >
6
7    <uses-sdk
8        android:minSdkVersion="26"
9        android:targetSdkVersion="35" />
10
11    <uses-permission android:name="android.permission.INTERNET" />
11-->src\main\AndroidManifest.xml:2:5-67
11-->src\main\AndroidManifest.xml:2:22-64
12    <uses-permission android:name="android.permission.ACCESS_FINE_LOCATION" />
12-->src\main\AndroidManifest.xml:3:5-79
12-->src\main\AndroidManifest.xml:3:22-76
13    <uses-permission android:name="android.permission.ACCESS_COARSE_LOCATION" />
13-->src\main\AndroidManifest.xml:4:5-81
13-->src\main\AndroidManifest.xml:4:22-78
14    <uses-permission android:name="android.permission.CHANGE_WIFI_MULTICAST_STATE" />
14-->src\main\AndroidManifest.xml:5:5-86
14-->src\main\AndroidManifest.xml:5:22-83
15
16    <uses-feature
16-->src\main\AndroidManifest.xml:7:5-98
17        android:name="android.hardware.sensor.accelerometer"
17-->src\main\AndroidManifest.xml:7:19-71
18        android:required="true" />
18-->src\main\AndroidManifest.xml:7:72-95
19    <uses-feature
19-->src\main\AndroidManifest.xml:8:5-99
20        android:name="android.hardware.sensor.gyroscope"
20-->src\main\AndroidManifest.xml:8:19-67
21        android:required="true" />
21-->src\main\AndroidManifest.xml:8:73-96
22    <uses-feature
22-->src\main\AndroidManifest.xml:9:5-100
23        android:name="android.hardware.location.gps"
23-->src\main\AndroidManifest.xml:9:19-63
24        android:required="false" />
24-->src\main\AndroidManifest.xml:9:73-97
25
26    <permission
26-->[androidx.core:core:1.13.1] AndroidManifest.xml:22:5-24:47
27        android:name="com.idr.mobile.DYNAMIC_RECEIVER_NOT_EXPORTED_PERMISSION"
27-->[androidx.core:core:1.13.1] AndroidManifest.xml:23:9-81
28        android:protectionLevel="signature" />
28-->[androidx.core:core:1.13.1] AndroidManifest.xml:24:9-44
29
30    <uses-permission android:name="com.idr.mobile.DYNAMIC_RECEIVER_NOT_EXPORTED_PERMISSION" />
30-->[androidx.core:core:1.13.1] AndroidManifest.xml:26:5-97
30-->[androidx.core:core:1.13.1] AndroidManifest.xml:26:22-94
31
32    <application
32-->src\main\AndroidManifest.xml:11:5-41:19
33        android:allowBackup="false"
33-->src\main\AndroidManifest.xml:12:9-36
34        android:appComponentFactory="androidx.core.app.CoreComponentFactory"
34-->[androidx.core:core:1.13.1] AndroidManifest.xml:28:18-86
35        android:extractNativeLibs="false"
36        android:hardwareAccelerated="true"
36-->src\main\AndroidManifest.xml:16:9-43
37        android:label="IDR Fusion"
37-->src\main\AndroidManifest.xml:13:9-35
38        android:networkSecurityConfig="@xml/network_security_config"
38-->src\main\AndroidManifest.xml:17:9-69
39        android:theme="@style/AppTheme"
39-->src\main\AndroidManifest.xml:14:9-40
40        android:usesCleartextTraffic="true" >
40-->src\main\AndroidManifest.xml:15:9-44
41        <activity
41-->src\main\AndroidManifest.xml:19:9-28:20
42            android:name="com.idr.mobile.MainActivity"
42-->src\main\AndroidManifest.xml:20:13-41
43            android:exported="true"
43-->src\main\AndroidManifest.xml:22:13-36
44            android:launchMode="singleTop"
44-->src\main\AndroidManifest.xml:23:13-43
45            android:screenOrientation="portrait" >
45-->src\main\AndroidManifest.xml:21:13-49
46            <intent-filter>
46-->src\main\AndroidManifest.xml:24:13-27:29
47                <action android:name="android.intent.action.MAIN" />
47-->src\main\AndroidManifest.xml:25:17-69
47-->src\main\AndroidManifest.xml:25:25-66
48
49                <category android:name="android.intent.category.LAUNCHER" />
49-->src\main\AndroidManifest.xml:26:17-77
49-->src\main\AndroidManifest.xml:26:27-74
50            </intent-filter>
51        </activity>
52
53        <!-- FileProvider for session export -->
54        <provider
55            android:name="androidx.core.content.FileProvider"
55-->src\main\AndroidManifest.xml:32:13-62
56            android:authorities="com.idr.mobile.provider"
56-->src\main\AndroidManifest.xml:33:13-60
57            android:exported="false"
57-->src\main\AndroidManifest.xml:34:13-37
58            android:grantUriPermissions="true" >
58-->src\main\AndroidManifest.xml:35:13-47
59            <meta-data
59-->src\main\AndroidManifest.xml:36:13-38:63
60                android:name="android.support.FILE_PROVIDER_PATHS"
60-->src\main\AndroidManifest.xml:37:17-67
61                android:resource="@xml/file_provider_paths" />
61-->src\main\AndroidManifest.xml:38:17-60
62        </provider>
63        <provider
63-->[androidx.profileinstaller:profileinstaller:1.3.0] AndroidManifest.xml:24:9-32:20
64            android:name="androidx.startup.InitializationProvider"
64-->[androidx.profileinstaller:profileinstaller:1.3.0] AndroidManifest.xml:25:13-67
65            android:authorities="com.idr.mobile.androidx-startup"
65-->[androidx.profileinstaller:profileinstaller:1.3.0] AndroidManifest.xml:26:13-68
66            android:exported="false" >
66-->[androidx.profileinstaller:profileinstaller:1.3.0] AndroidManifest.xml:27:13-37
67            <meta-data
67-->[androidx.profileinstaller:profileinstaller:1.3.0] AndroidManifest.xml:29:13-31:52
68                android:name="androidx.profileinstaller.ProfileInstallerInitializer"
68-->[androidx.profileinstaller:profileinstaller:1.3.0] AndroidManifest.xml:30:17-85
69                android:value="androidx.startup" />
69-->[androidx.profileinstaller:profileinstaller:1.3.0] AndroidManifest.xml:31:17-49
70        </provider>
71
72        <receiver
72-->[androidx.profileinstaller:profileinstaller:1.3.0] AndroidManifest.xml:34:9-52:20
73            android:name="androidx.profileinstaller.ProfileInstallReceiver"
73-->[androidx.profileinstaller:profileinstaller:1.3.0] AndroidManifest.xml:35:13-76
74            android:directBootAware="false"
74-->[androidx.profileinstaller:profileinstaller:1.3.0] AndroidManifest.xml:36:13-44
75            android:enabled="true"
75-->[androidx.profileinstaller:profileinstaller:1.3.0] AndroidManifest.xml:37:13-35
76            android:exported="true"
76-->[androidx.profileinstaller:profileinstaller:1.3.0] AndroidManifest.xml:38:13-36
77            android:permission="android.permission.DUMP" >
77-->[androidx.profileinstaller:profileinstaller:1.3.0] AndroidManifest.xml:39:13-57
78            <intent-filter>
78-->[androidx.profileinstaller:profileinstaller:1.3.0] AndroidManifest.xml:40:13-42:29
79                <action android:name="androidx.profileinstaller.action.INSTALL_PROFILE" />
79-->[androidx.profileinstaller:profileinstaller:1.3.0] AndroidManifest.xml:41:17-91
79-->[androidx.profileinstaller:profileinstaller:1.3.0] AndroidManifest.xml:41:25-88
80            </intent-filter>
81            <intent-filter>
81-->[androidx.profileinstaller:profileinstaller:1.3.0] AndroidManifest.xml:43:13-45:29
82                <action android:name="androidx.profileinstaller.action.SKIP_FILE" />
82-->[androidx.profileinstaller:profileinstaller:1.3.0] AndroidManifest.xml:44:17-85
82-->[androidx.profileinstaller:profileinstaller:1.3.0] AndroidManifest.xml:44:25-82
83            </intent-filter>
84            <intent-filter>
84-->[androidx.profileinstaller:profileinstaller:1.3.0] AndroidManifest.xml:46:13-48:29
85                <action android:name="androidx.profileinstaller.action.SAVE_PROFILE" />
85-->[androidx.profileinstaller:profileinstaller:1.3.0] AndroidManifest.xml:47:17-88
85-->[androidx.profileinstaller:profileinstaller:1.3.0] AndroidManifest.xml:47:25-85
86            </intent-filter>
87            <intent-filter>
87-->[androidx.profileinstaller:profileinstaller:1.3.0] AndroidManifest.xml:49:13-51:29
88                <action android:name="androidx.profileinstaller.action.BENCHMARK_OPERATION" />
88-->[androidx.profileinstaller:profileinstaller:1.3.0] AndroidManifest.xml:50:17-95
88-->[androidx.profileinstaller:profileinstaller:1.3.0] AndroidManifest.xml:50:25-92
89            </intent-filter>
90        </receiver>
91    </application>
92
93</manifest>